info @storybook/react v6.5.15
info 
info => Cleaning outputDir: C:\Users\KyuSik\AppData\Local\Temp\chromatic--5516-Idy3gKya2XSd
(node:11232) DeprecationWarning: --static-dir CLI flag is deprecated, see:

https://github.com/storybookjs/storybook/blob/next/MIGRATION.md#deprecated---static-dir-cli-flag
(Use `node --trace-deprecation ...` to show where the warning was created)
info => Loading presets
WARN   Failed to load preset: {"type":"presets"} on level 1
ERR! TypeError [ERR_INVALID_ARG_TYPE]: The "id" argument must be of type string. Received an instance of Object
ERR!     at new NodeError (node:internal/errors:393:5)
ERR!     at validateString (node:internal/validators:163:11)
ERR!     at Module.require (node:internal/modules/cjs/loader:1054:3)
ERR!     at require (node:internal/modules/cjs/helpers:103:18)
ERR!     at interopRequireDefault (C:\Users\KyuSik\Desktop\project\The_Garden_of_Musicsheet\client\node_modules\@storybook\core-common\dist\cjs\presets.js:178:16)
ERR!     at getContent (C:\Users\KyuSik\Desktop\project\The_Garden_of_Musicsheet\client\node_modules\@storybook\core-common\dist\cjs\presets.js:194:10)
ERR!     at loadPreset (C:\Users\KyuSik\Desktop\project\The_Garden_of_Musicsheet\client\node_modules\@storybook\core-common\dist\cjs\presets.js:203:20)
ERR!     at C:\Users\KyuSik\Desktop\project\The_Garden_of_Musicsheet\client\node_modules\@storybook\core-common\dist\cjs\presets.js:256:18
ERR!     at Array.reduce (<anonymous>)
ERR!     at loadPresets (C:\Users\KyuSik\Desktop\project\The_Garden_of_Musicsheet\client\node_modules\@storybook\core-common\dist\cjs\presets.js:255:18)
ERR!  TypeError [ERR_INVALID_ARG_TYPE]: The "id" argument must be of type string. Received an instance of Object
ERR!     at new NodeError (node:internal/errors:393:5)
ERR!     at validateString (node:internal/validators:163:11)
ERR!     at Module.require (node:internal/modules/cjs/loader:1054:3)
ERR!     at require (node:internal/modules/cjs/helpers:103:18)
ERR!     at interopRequireDefault (C:\Users\KyuSik\Desktop\project\The_Garden_of_Musicsheet\client\node_modules\@storybook\core-common\dist\cjs\presets.js:178:16)
ERR!     at getContent (C:\Users\KyuSik\Desktop\project\The_Garden_of_Musicsheet\client\node_modules\@storybook\core-common\dist\cjs\presets.js:194:10)
ERR!     at loadPreset (C:\Users\KyuSik\Desktop\project\The_Garden_of_Musicsheet\client\node_modules\@storybook\core-common\dist\cjs\presets.js:203:20)
ERR!     at C:\Users\KyuSik\Desktop\project\The_Garden_of_Musicsheet\client\node_modules\@storybook\core-common\dist\cjs\presets.js:256:18
ERR!     at Array.reduce (<anonymous>)
ERR!     at loadPresets (C:\Users\KyuSik\Desktop\project\The_Garden_of_Musicsheet\client\node_modules\@storybook\core-common\dist\cjs\presets.js:255:18) {
ERR!   code: 'ERR_INVALID_ARG_TYPE'
ERR! }
info => Copying static files: ./public => ./
info => Compiling manager..
info => Compiling preview..
(node:11232) ExperimentalWarning: The Fetch API is an experimental feature. This feature could change at any time
info Addon-docs: using MDX1
info => Loading Webpack configuration from `node_modules\react-scripts`
info => Removing existing JavaScript and TypeScript rules.
info => Modifying Create React App rules.
info => Using default Webpack5 setup
<s> [webpack.Progress] 0% 

<s> [webpack.Progress] 1% setup before run
<s> [webpack.Progress] 1% setup before run NodeEnvironmentPlugin
<s> [webpack.Progress] 1% setup before run
<s> [webpack.Progress] 2% setup run
<s> [webpack.Progress] 2% setup run ForkTsCheckerWebpackPlugin
<s> [webpack.Progress] 2% setup run ESLintWebpackPlugin_1
<s> [webpack.Progress] 2% setup run
<s> [webpack.Progress] 4% setup normal module factory
<s> [webpack.Progress] 4% setup normal module factory CaseSensitivePathsPlugin
<s> [webpack.Progress] 4% setup normal module factory ModuleNotFoundPlugin
<s> [webpack.Progress] 4% setup normal module factory IgnorePlugin
<s> [webpack.Progress] 4% setup normal module factory
<s> [webpack.Progress] 5% setup context module factory
<s> [webpack.Progress] 5% setup context module factory IgnorePlugin
<s> [webpack.Progress] 5% setup context module factory
<s> [webpack.Progress] 6% setup before compile
<s> [webpack.Progress] 6% setup before compile ProgressPlugin
<s> [webpack.Progress] 6% setup before compile
<s> [webpack.Progress] 7% setup compile
<s> [webpack.Progress] 7% setup compile ExternalsPlugin
<s> [webpack.Progress] 7% setup compile
<s> [webpack.Progress] 8% setup compilation
<s> [webpack.Progress] 8% setup compilation mini-css-extract-plugin
<s> [webpack.Progress] 8% setup compilation ArrayPushCallbackChunkFormatPlugin
<s> [webpack.Progress] 8% setup compilation JsonpChunkLoadingPlugin
<s> [webpack.Progress] 8% setup compilation StartupChunkDependenciesPlugin
<s> [webpack.Progress] 8% setup compilation ImportScriptsChunkLoadingPlugin
<s> [webpack.Progress] 8% setup compilation FetchCompileWasmPlugin
<s> [webpack.Progress] 8% setup compilation FetchCompileAsyncWasmPlugin
<s> [webpack.Progress] 8% setup compilation WorkerPlugin
<s> [webpack.Progress] 8% setup compilation SplitChunksPlugin
<s> [webpack.Progress] 8% setup compilation RuntimeChunkPlugin
<s> [webpack.Progress] 8% setup compilation ResolverCachePlugin
<s> [webpack.Progress] 8% setup compilation HtmlWebpackPlugin
<s> [webpack.Progress] 8% setup compilation
<s> [webpack.Progress] 9% setup compilation
<s> [webpack.Progress] 9% setup compilation DefinePlugin
<s> [webpack.Progress] 9% setup compilation ProvidePlugin
<s> [webpack.Progress] 9% setup compilation ProgressPlugin
<s> [webpack.Progress] 9% setup compilation InlineChunkHtmlPlugin
<s> [webpack.Progress] 9% setup compilation InterpolateHtmlPlugin
<s> [webpack.Progress] 9% setup compilation mini-css-extract-plugin
<s> [webpack.Progress] 9% setup compilation ForkTsCheckerWebpackPlugin
<s> [webpack.Progress] 9% setup compilation DocGenPlugin
<s> [webpack.Progress] 9% setup compilation ChunkPrefetchPreloadPlugin
<s> [webpack.Progress] 9% setup compilation SourceMapDevToolPlugin
<s> [webpack.Progress] 9% setup compilation JavascriptModulesPlugin
<s> [webpack.Progress] 9% setup compilation JsonModulesPlugin
<s> [webpack.Progress] 9% setup compilation AssetModulesPlugin
<s> [webpack.Progress] 9% setup compilation EntryPlugin
<s> [webpack.Progress] 9% setup compilation EntryPlugin
<s> [webpack.Progress] 9% setup compilation EntryPlugin
<s> [webpack.Progress] 9% setup compilation EntryPlugin
<s> [webpack.Progress] 9% setup compilation EntryPlugin
<s> [webpack.Progress] 9% setup compilation EntryPlugin
<s> [webpack.Progress] 9% setup compilation EntryPlugin
<s> [webpack.Progress] 9% setup compilation EntryPlugin
<s> [webpack.Progress] 9% setup compilation EntryPlugin
<s> [webpack.Progress] 9% setup compilation EntryPlugin
<s> [webpack.Progress] 9% setup compilation EntryPlugin
<s> [webpack.Progress] 9% setup compilation EntryPlugin
<s> [webpack.Progress] 9% setup compilation EntryPlugin
<s> [webpack.Progress] 9% setup compilation EntryPlugin
<s> [webpack.Progress] 9% setup compilation EntryPlugin
<s> [webpack.Progress] 9% setup compilation RuntimePlugin
<s> [webpack.Progress] 9% setup compilation InferAsyncModulesPlugin
<s> [webpack.Progress] 9% setup compilation DataUriPlugin
<s> [webpack.Progress] 9% setup compilation FileUriPlugin
<s> [webpack.Progress] 9% setup compilation CompatibilityPlugin
<s> [webpack.Progress] 9% setup compilation HarmonyModulesPlugin
<s> [webpack.Progress] 9% setup compilation AMDPlugin
<s> [webpack.Progress] 9% setup compilation RequireJsStuffPlugin
<s> [webpack.Progress] 9% setup compilation CommonJsPlugin
<s> [webpack.Progress] 9% setup compilation LoaderPlugin
<s> [webpack.Progress] 9% setup compilation LoaderPlugin
<s> [webpack.Progress] 9% setup compilation NodeStuffPlugin
<s> [webpack.Progress] 9% setup compilation APIPlugin
<s> [webpack.Progress] 9% setup compilation ExportsInfoApiPlugin
<s> [webpack.Progress] 9% setup compilation WebpackIsIncludedPlugin
<s> [webpack.Progress] 9% setup compilation ConstPlugin
<s> [webpack.Progress] 9% setup compilation UseStrictPlugin
<s> [webpack.Progress] 9% setup compilation RequireIncludePlugin
<s> [webpack.Progress] 9% setup compilation RequireEnsurePlugin
<s> [webpack.Progress] 9% setup compilation RequireContextPlugin
<s> [webpack.Progress] 9% setup compilation ImportPlugin
<s> [webpack.Progress] 9% setup compilation RequireContextPlugin
<s> [webpack.Progress] 9% setup compilation SystemPlugin
<s> [webpack.Progress] 9% setup compilation ImportMetaPlugin
<s> [webpack.Progress] 9% setup compilation URLPlugin
<s> [webpack.Progress] 9% setup compilation DefaultStatsFactoryPlugin
<s> [webpack.Progress] 9% setup compilation DefaultStatsPresetPlugin
<s> [webpack.Progress] 9% setup compilation DefaultStatsPrinterPlugin
<s> [webpack.Progress] 9% setup compilation JavascriptMetaInfoPlugin
<s> [webpack.Progress] 9% setup compilation EnsureChunkConditionsPlugin
<s> [webpack.Progress] 9% setup compilation RemoveEmptyChunksPlugin
<s> [webpack.Progress] 9% setup compilation MergeDuplicateChunksPlugin
<s> [webpack.Progress] 9% setup compilation FlagIncludedChunksPlugin
<s> [webpack.Progress] 9% setup compilation SideEffectsFlagPlugin
<s> [webpack.Progress] 9% setup compilation FlagDependencyExportsPlugin
<s> [webpack.Progress] 9% setup compilation FlagDependencyUsagePlugin
<s> [webpack.Progress] 9% setup compilation InnerGraphPlugin
<s> [webpack.Progress] 9% setup compilation MangleExportsPlugin
<s> [webpack.Progress] 9% setup compilation ModuleConcatenationPlugin
<s> [webpack.Progress] 9% setup compilation NoEmitOnErrorsPlugin
<s> [webpack.Progress] 9% setup compilation RealContentHashPlugin
<s> [webpack.Progress] 9% setup compilation WasmFinalizeExportsPlugin
<s> [webpack.Progress] 9% setup compilation NamedModuleIdsPlugin
<s> [webpack.Progress] 9% setup compilation DeterministicChunkIdsPlugin
<s> [webpack.Progress] 9% setup compilation DefinePlugin
<s> [webpack.Progress] 9% setup compilation TerserPlugin
<s> [webpack.Progress] 9% setup compilation TemplatedPathPlugin
<s> [webpack.Progress] 9% setup compilation RecordIdsPlugin
<s> [webpack.Progress] 9% setup compilation WarnCaseSensitiveModulesPlugin
<s> [webpack.Progress] 9% setup compilation IgnoreWarningsPlugin
<s> [webpack.Progress] 9% setup compilation ESLintWebpackPlugin_1
<s> [webpack.Progress] 9% setup compilation
<s> [webpack.Progress] 10% building
<s> [webpack.Progress] 10% building 0/1 entries 0/0 dependencies 0/0 modules
<s> [webpack.Progress] 10% building import loader ./node_modules/babel-loader/lib/index.js
<s> [webpack.Progress] 10% building import loader ./node_modules/source-map-loader/dist/cjs.js
<s> [webpack.Progress] 10% building 0/15 entries 25/42 dependencies 0/24 modules
<s> [webpack.Progress] 10% building 0/15 entries 26/42 dependencies 0/24 modules
<s> [webpack.Progress] 10% building 0/15 entries 26/48 dependencies 0/25 modules
<s> [webpack.Progress] 10% building 0/15 entries 62/210 dependencies 2/48 modules
<s> [webpack.Progress] 10% building import loader ./node_modules/mini-css-extract-plugin/dist/loader.js
<s> [webpack.Progress] 10% building import loader ./node_modules/css-loader/dist/cjs.js
<s> [webpack.Progress] 10% building import loader ./node_modules/postcss-loader/dist/cjs.js
<s> [webpack.Progress] 10% building import loader ./node_modules/resolve-url-loader/index.js
<s> [webpack.Progress] 10% building import loader ./node_modules/sass-loader/dist/cjs.js
<s> [webpack.Progress] 10% building 0/15 entries 193/250 dependencies 5/150 modules
<s> [webpack.Progress] 10% building import loader ./node_modules/@storybook/source-loader/dist/cjs/index.js
<s> [webpack.Progress] 10% building 0/15 entries 193/251 dependencies 5/150 modules
<s> [webpack.Progress] 10% building 0/15 entries 278/432 dependencies 7/200 modules
<s> [webpack.Progress] 13% building 1/15 entries 335/469 dependencies 9/220 modules
<s> [webpack.Progress] 13% building 1/15 entries 453/500 dependencies 9/287 modules
<s> [webpack.Progress] 13% building 1/15 entries 544/800 dependencies 13/300 modules
<s> [webpack.Progress] 13% building 1/15 entries 1000/1020 dependencies 21/441 modules
<s> [webpack.Progress] 13% building 1/15 entries 1200/1239 dependencies 49/467 modules
<s> [webpack.Progress] 13% building 1/15 entries 1300/1624 dependencies 56/492 modules
<s> [webpack.Progress] 13% building 1/15 entries 1400/1708 dependencies 58/498 modules
<s> [webpack.Progress] 13% building 1/15 entries 1700/1772 dependencies 73/554 modules
<s> [webpack.Progress] 13% building 1/15 entries 1762/1800 dependencies 78/567 modules
<s> [webpack.Progress] 13% building 1/15 entries 1900/2042 dependencies 81/594 modules
<s> [webpack.Progress] 13% building 1/15 entries 2000/2078 dependencies 87/605 modules
<s> [webpack.Progress] 13% building 1/15 entries 2177/2300 dependencies 90/649 modules
<s> [webpack.Progress] 13% building 1/15 entries 2466/2495 dependencies 173/700 modules
<s> [webpack.Progress] 13% building 1/15 entries 2600/2838 dependencies 201/712 modules
<s> [webpack.Progress] 13% building 1/15 entries 2800/2902 dependencies 237/743 modules
<s> [webpack.Progress] 13% building 1/15 entries 2991/3100 dependencies 267/835 modules
<s> [webpack.Progress] 13% building 1/15 entries 3289/3400 dependencies 321/912 modules
<s> [webpack.Progress] 13% building 1/15 entries 3500/3582 dependencies 348/976 modules
<s> [webpack.Progress] 14% building 1/15 entries 3700/3729 dependencies 369/1006 modules
<s> [webpack.Progress] 14% building 1/15 entries 3732/3800 dependencies 388/1021 modules
<s> [webpack.Progress] 14% building 1/15 entries 3866/4100 dependencies 447/1037 modules
<s> [webpack.Progress] 15% building 1/15 entries 4126/4147 dependencies 477/1100 modules
<s> [webpack.Progress] 15% building 1/15 entries 4300/4367 dependencies 517/1152 modules
<s> [webpack.Progress] 16% building 1/15 entries 4397/4451 dependencies 600/1173 modules
<s> [webpack.Progress] 16% building 1/15 entries 4422/4500 dependencies 613/1175 modules
<s> [webpack.Progress] 17% building 1/15 entries 4505/4600 dependencies 653/1181 modules
<s> [webpack.Progress] 17% building 1/15 entries 4566/4614 dependencies 700/1219 modules
<s> [webpack.Progress] 18% building 1/15 entries 4755/4784 dependencies 800/1256 modules
<s> [webpack.Progress] 19% building 1/15 entries 4900/4950 dependencies 886/1309 modules
<s> [webpack.Progress] 20% building 1/15 entries 5100/5145 dependencies 946/1375 modules
<s> [webpack.Progress] 21% building 1/15 entries 5300/5371 dependencies 1084/1429 modules
<s> [webpack.Progress] 22% building 1/15 entries 5500/5577 dependencies 1154/1492 modules
<s> [webpack.Progress] 24% building 1/15 entries 5800/5848 dependencies 1336/1569 modules
<s> [webpack.Progress] 25% building 1/15 entries 5975/6000 dependencies 1428/1626 modules
<s> [webpack.Progress] 26% building 1/15 entries 6241/6300 dependencies 1490/1682 modules
<s> [webpack.Progress] 27% building 2/15 entries 6343/6365 dependencies 1587/1697 modules
<s> [webpack.Progress] 27% building 3/15 entries 6343/6365 dependencies 1588/1697 modules
<s> [webpack.Progress] 27% building 4/15 entries 6343/6365 dependencies 1589/1697 modules
<s> [webpack.Progress] 28% building 5/15 entries 6343/6365 dependencies 1590/1697 modules
<s> [webpack.Progress] 32% building 6/15 entries 6343/6365 dependencies 1591/1697 modules
<s> [webpack.Progress] 35% building 7/15 entries 6343/6365 dependencies 1592/1697 modules
<s> [webpack.Progress] 39% building 8/15 entries 6343/6365 dependencies 1593/1697 modules
<s> [webpack.Progress] 43% building 9/15 entries 6343/6365 dependencies 1594/1697 modules
<s> [webpack.Progress] 46% building 10/15 entries 6343/6365 dependencies 1595/1697 modules
<s> [webpack.Progress] 50% building 11/15 entries 6343/6365 dependencies 1596/1697 modules
<s> [webpack.Progress] 53% building 12/15 entries 6349/6367 dependencies 1615/1697 modules
<s> [webpack.Progress] 54% building 12/15 entries 6471/6500 dependencies 1649/1722 modules
<s> [webpack.Progress] 53% building 12/15 entries 6593/6600 dependencies 1713/1744 modules
<s> [webpack.Progress] 57% building 13/15 entries 6609/6614 dependencies 1734/1749 modules
<s> [webpack.Progress] 61% building 14/15 entries 6609/6614 dependencies 1734/1749 modules
<s> [webpack.Progress] 65% building 15/15 entries 6622/6622 dependencies 1754/1754 modules
<s> [webpack.Progress] 65% building
<s> [webpack.Progress] 69% building finish
<s> [webpack.Progress] 69% building finish
<s> [webpack.Progress] 70% sealing finish module graph
<s> [webpack.Progress] 70% sealing finish module graph ResolverCachePlugin
<s> [webpack.Progress] 70% sealing finish module graph InferAsyncModulesPlugin
<s> [webpack.Progress] 70% sealing finish module graph FlagDependencyExportsPlugin
<s> [webpack.Progress] 70% sealing finish module graph InnerGraphPlugin
<s> [webpack.Progress] 70% sealing finish module graph WasmFinalizeExportsPlugin
<s> [webpack.Progress] 70% sealing finish module graph ESLintWebpackPlugin_1
<s> [webpack.Progress] 70% sealing finish module graph
<s> [webpack.Progress] 70% sealing plugins
<s> [webpack.Progress] 70% sealing plugins DocGenPlugin
DeprecationWarning: 'createIdentifier' has been deprecated since v4.0.0. Use the appropriate method on 'ts.factory' or the 'factory' supplied by your transformation context instead.
DeprecationWarning: '' has been deprecated since v4.0.0. Use the appropriate method on 'ts.factory' or the 'factory' supplied by your transformation context instead.
DeprecationWarning: 'createLiteral' has been deprecated since v4.0.0. Use `factory.createStringLiteral`, `factory.createStringLiteralFromNode`, `factory.createNumericLiteral`, `factory.createBigIntLiteral`, `factory.createTrue`, `factory.createFalse`, or the factory supplied by your transformation context instead.
DeprecationWarning: 'createBinaryExpression' has been deprecated since v4.0.0. Use the appropriate method on 'ts.factory' or the 'factory' supplied by your transformation context instead.
DeprecationWarning: 'createExpressionStatement' has been deprecated since v4.0.0. Use the appropriate method on 'ts.factory' or the 'factory' supplied by your transformation context instead.
DeprecationWarning: 'createPropertyAssignment' has been deprecated since v4.0.0. Use the appropriate method on 'ts.factory' or the 'factory' supplied by your transformation context instead.
DeprecationWarning: 'createNull' has been deprecated since v4.0.0. Use the appropriate method on 'ts.factory' or the 'factory' supplied by your transformation context instead.
DeprecationWarning: 'createFalse' has been deprecated since v4.0.0. Use the appropriate method on 'ts.factory' or the 'factory' supplied by your transformation context instead.
DeprecationWarning: 'createObjectLiteralExpression' has been deprecated since v4.0.0. Use the appropriate method on 'ts.factory' or the 'factory' supplied by your transformation context instead.
DeprecationWarning: 'createExpressionStatement' has been deprecated since v4.0.0. Use the appropriate method on 'ts.factory' or the 'factory' supplied by your transformation context instead.
DeprecationWarning: 'createTypeOfExpression' has been deprecated since v4.0.0. Use the appropriate method on 'ts.factory' or the 'factory' supplied by your transformation context instead.
DeprecationWarning: 'createElementAccessExpression' has been deprecated since v4.0.0. Use the appropriate method on 'ts.factory' or the 'factory' supplied by your transformation context instead.
DeprecationWarning: 'createIfStatement' has been deprecated since v4.0.0. Use the appropriate method on 'ts.factory' or the 'factory' supplied by your transformation context instead.
DeprecationWarning: 'createBlock' has been deprecated since v4.0.0. Use the appropriate method on 'ts.factory' or the 'factory' supplied by your transformation context instead.
DeprecationWarning: 'createVariableDeclaration' has been deprecated since v4.0.0. Use the appropriate method on 'ts.factory' or the 'factory' supplied by your transformation context instead.
DeprecationWarning: 'createCatchClause' has been deprecated since v4.0.0. Use the appropriate method on 'ts.factory' or the 'factory' supplied by your transformation context instead.
DeprecationWarning: 'createTryStatement' has been deprecated since v4.0.0. Use the appropriate method on 'ts.factory' or the 'factory' supplied by your transformation context instead.
DeprecationWarning: 'createTrue' has been deprecated since v4.0.0. Use the appropriate method on 'ts.factory' or the 'factory' supplied by your transformation context instead.
DeprecationWarning: 'createArrayLiteralExpression' has been deprecated since v4.0.0. Use the appropriate method on 'ts.factory' or the 'factory' supplied by your transformation context instead.
<s> [webpack.Progress] 70% sealing plugins WarnCaseSensitiveModulesPlugin
<s> [webpack.Progress] 70% sealing plugins
<s> [webpack.Progress] 71% sealing dependencies optimization
<s> [webpack.Progress] 71% sealing dependencies optimization SideEffectsFlagPlugin
<s> [webpack.Progress] 71% sealing dependencies optimization FlagDependencyUsagePlugin
<s> [webpack.Progress] 71% sealing dependencies optimization
<s> [webpack.Progress] 71% sealing after dependencies optimization
<s> [webpack.Progress] 71% sealing after dependencies optimization
<s> [webpack.Progress] 72% sealing chunk graph
<s> [webpack.Progress] 72% sealing chunk graph
<s> [webpack.Progress] 73% sealing after chunk graph
<s> [webpack.Progress] 73% sealing after chunk graph
<s> [webpack.Progress] 73% sealing optimizing
<s> [webpack.Progress] 73% sealing optimizing
<s> [webpack.Progress] 74% sealing module optimization
<s> [webpack.Progress] 74% sealing module optimization
<s> [webpack.Progress] 75% sealing after module optimization
<s> [webpack.Progress] 75% sealing after module optimization
<s> [webpack.Progress] 75% sealing chunk optimization
<s> [webpack.Progress] 75% sealing chunk optimization EnsureChunkConditionsPlugin
<s> [webpack.Progress] 75% sealing chunk optimization RemoveEmptyChunksPlugin
<s> [webpack.Progress] 75% sealing chunk optimization MergeDuplicateChunksPlugin
<s> [webpack.Progress] 75% sealing chunk optimization SplitChunksPlugin
<s> [webpack.Progress] 75% sealing chunk optimization RemoveEmptyChunksPlugin
<s> [webpack.Progress] 75% sealing chunk optimization
<s> [webpack.Progress] 76% sealing after chunk optimization
<s> [webpack.Progress] 76% sealing after chunk optimization
<s> [webpack.Progress] 77% sealing module and chunk tree optimization
<s> [webpack.Progress] 77% sealing module and chunk tree optimization PersistentChildCompilerSingletonPlugin
<s> [webpack.Progress] 77% sealing module and chunk tree optimization
<s> [webpack.Progress] 77% sealing after module and chunk tree optimization
<s> [webpack.Progress] 77% sealing after module and chunk tree optimization
<s> [webpack.Progress] 78% sealing chunk modules optimization
<s> [webpack.Progress] 78% sealing chunk modules optimization ModuleConcatenationPlugin
<s> [webpack.Progress] 78% sealing chunk modules optimization
<s> [webpack.Progress] 78% sealing after chunk modules optimization
<s> [webpack.Progress] 78% sealing after chunk modules optimization
<s> [webpack.Progress] 79% sealing module reviving
<s> [webpack.Progress] 79% sealing module reviving RecordIdsPlugin
<s> [webpack.Progress] 79% sealing module reviving
<s> [webpack.Progress] 80% sealing before module ids
<s> [webpack.Progress] 80% sealing before module ids
<s> [webpack.Progress] 80% sealing module ids
<s> [webpack.Progress] 80% sealing module ids NamedModuleIdsPlugin
<s> [webpack.Progress] 80% sealing module ids
<s> [webpack.Progress] 81% sealing module id optimization
<s> [webpack.Progress] 81% sealing module id optimization
<s> [webpack.Progress] 82% sealing module id optimization
<s> [webpack.Progress] 82% sealing module id optimization
<s> [webpack.Progress] 82% sealing chunk reviving
<s> [webpack.Progress] 82% sealing chunk reviving RecordIdsPlugin
<s> [webpack.Progress] 82% sealing chunk reviving
<s> [webpack.Progress] 83% sealing before chunk ids
<s> [webpack.Progress] 83% sealing before chunk ids
<s> [webpack.Progress] 84% sealing chunk ids
<s> [webpack.Progress] 84% sealing chunk ids DeterministicChunkIdsPlugin
<s> [webpack.Progress] 84% sealing chunk ids
<s> [webpack.Progress] 84% sealing chunk id optimization
<s> [webpack.Progress] 84% sealing chunk id optimization FlagIncludedChunksPlugin
<s> [webpack.Progress] 84% sealing chunk id optimization
<s> [webpack.Progress] 85% sealing after chunk id optimization
<s> [webpack.Progress] 85% sealing after chunk id optimization
<s> [webpack.Progress] 86% sealing record modules
<s> [webpack.Progress] 86% sealing record modules RecordIdsPlugin
<s> [webpack.Progress] 86% sealing record modules
<s> [webpack.Progress] 86% sealing record chunks
<s> [webpack.Progress] 86% sealing record chunks RecordIdsPlugin
<s> [webpack.Progress] 86% sealing record chunks
<s> [webpack.Progress] 87% sealing module hashing
<s> [webpack.Progress] 87% sealing module hashing
<s> [webpack.Progress] 87% sealing code generation
<s> [webpack.Progress] 87% sealing code generation
<s> [webpack.Progress] 88% sealing runtime requirements
<s> [webpack.Progress] 88% sealing runtime requirements
<s> [webpack.Progress] 89% sealing hashing
<s> [webpack.Progress] 89% sealing hashing
<s> [webpack.Progress] 89% sealing after hashing
<s> [webpack.Progress] 89% sealing after hashing
<s> [webpack.Progress] 90% sealing record hash
<s> [webpack.Progress] 90% sealing record hash
<s> [webpack.Progress] 91% sealing module assets processing
<s> [webpack.Progress] 91% sealing module assets processing
<s> [webpack.Progress] 91% sealing chunk assets processing
<s> [webpack.Progress] 91% sealing chunk assets processing
<s> [webpack.Progress] 92% sealing asset processing
<s> [webpack.Progress] 92% sealing asset processing ESLintWebpackPlugin_1
<s> [webpack.Progress] 92% sealing asset processing PersistentChildCompilerSingletonPlugin
<s> [webpack.Progress] 92% sealing asset processing TerserPlugin
<s> [webpack.Progress] 92% sealing asset processing SourceMapDevToolPlugin
<s> [webpack.Progress] 92% sealing asset processing SourceMapDevToolPlugin
<s> [webpack.Progress] 92% sealing asset processing SourceMapDevToolPlugin static/css/main.185e829b.css generate SourceMap
<s> [webpack.Progress] 92% sealing asset processing SourceMapDevToolPlugin static/css/main.185e829b.css generated SourceMap
<s> [webpack.Progress] 92% sealing asset processing SourceMapDevToolPlugin main.d75f65ab.iframe.bundle.js generate SourceMap
<s> [webpack.Progress] 92% sealing asset processing SourceMapDevToolPlugin main.d75f65ab.iframe.bundle.js generated SourceMap
<s> [webpack.Progress] 92% sealing asset processing SourceMapDevToolPlugin runtime~main.dd35ef8a.iframe.bundle.js generate SourceMap
<s> [webpack.Progress] 92% sealing asset processing SourceMapDevToolPlugin runtime~main.dd35ef8a.iframe.bundle.js generated SourceMap
<s> [webpack.Progress] 92% sealing asset processing SourceMapDevToolPlugin 701.53785679.iframe.bundle.js generate SourceMap
<s> [webpack.Progress] 92% sealing asset processing SourceMapDevToolPlugin 701.53785679.iframe.bundle.js generated SourceMap
<s> [webpack.Progress] 92% sealing asset processing SourceMapDevToolPlugin 745.c6562176.iframe.bundle.js generate SourceMap
<s> [webpack.Progress] 92% sealing asset processing SourceMapDevToolPlugin 745.c6562176.iframe.bundle.js generated SourceMap
<s> [webpack.Progress] 92% sealing asset processing SourceMapDevToolPlugin 273.b214c1b1.iframe.bundle.js generate SourceMap
<s> [webpack.Progress] 92% sealing asset processing SourceMapDevToolPlugin 273.b214c1b1.iframe.bundle.js generated SourceMap
<s> [webpack.Progress] 92% sealing asset processing SourceMapDevToolPlugin 51.202bd606.iframe.bundle.js generate SourceMap
<s> [webpack.Progress] 92% sealing asset processing SourceMapDevToolPlugin 51.202bd606.iframe.bundle.js generated SourceMap
<s> [webpack.Progress] 92% sealing asset processing SourceMapDevToolPlugin 807.40450b16.iframe.bundle.js generate SourceMap
<s> [webpack.Progress] 92% sealing asset processing SourceMapDevToolPlugin 807.40450b16.iframe.bundle.js generated SourceMap
<s> [webpack.Progress] 92% sealing asset processing SourceMapDevToolPlugin 551.ef495cd2.iframe.bundle.js generate SourceMap
<s> [webpack.Progress] 92% sealing asset processing SourceMapDevToolPlugin 551.ef495cd2.iframe.bundle.js generated SourceMap
<s> [webpack.Progress] 92% sealing asset processing SourceMapDevToolPlugin 897.977315f6.iframe.bundle.js generate SourceMap
<s> [webpack.Progress] 92% sealing asset processing SourceMapDevToolPlugin 897.977315f6.iframe.bundle.js generated SourceMap
<s> [webpack.Progress] 92% sealing asset processing SourceMapDevToolPlugin 229.1af30aa6.iframe.bundle.js generate SourceMap
<s> [webpack.Progress] 92% sealing asset processing SourceMapDevToolPlugin 229.1af30aa6.iframe.bundle.js generated SourceMap
<s> [webpack.Progress] 92% sealing asset processing SourceMapDevToolPlugin 935.8414635e.iframe.bundle.js generate SourceMap
<s> [webpack.Progress] 92% sealing asset processing SourceMapDevToolPlugin 935.8414635e.iframe.bundle.js generated SourceMap
<s> [webpack.Progress] 92% sealing asset processing SourceMapDevToolPlugin static/css/649.385fbae6.css generate SourceMap
<s> [webpack.Progress] 92% sealing asset processing SourceMapDevToolPlugin static/css/649.385fbae6.css generated SourceMap
<s> [webpack.Progress] 92% sealing asset processing SourceMapDevToolPlugin 649.eb44cd82.iframe.bundle.js generate SourceMap
<s> [webpack.Progress] 92% sealing asset processing SourceMapDevToolPlugin 649.eb44cd82.iframe.bundle.js generated SourceMap
<s> [webpack.Progress] 92% sealing asset processing SourceMapDevToolPlugin resolve sources
<s> [webpack.Progress] 92% sealing asset processing SourceMapDevToolPlugin static/css/main.185e829b.css attach SourceMap
<s> [webpack.Progress] 92% sealing asset processing SourceMapDevToolPlugin static/css/main.185e829b.css attached SourceMap
<s> [webpack.Progress] 92% sealing asset processing SourceMapDevToolPlugin static/css/649.385fbae6.css attach SourceMap
<s> [webpack.Progress] 92% sealing asset processing SourceMapDevToolPlugin static/css/649.385fbae6.css attached SourceMap
<s> [webpack.Progress] 92% sealing asset processing SourceMapDevToolPlugin
<s> [webpack.Progress] 92% sealing asset processing SourceMapDevToolPlugin
<s> [webpack.Progress] 92% sealing asset processing SourceMapDevToolPlugin resolve sources
<s> [webpack.Progress] 92% sealing asset processing SourceMapDevToolPlugin
<s> [webpack.Progress] 92% sealing asset processing HtmlWebpackPlugin
<s> [webpack.Progress] 92% sealing asset processing HtmlWebpackPlugin
<s> [webpack.Progress] 92% sealing asset processing HtmlWebpackPlugin resolve sources
<s> [webpack.Progress] 92% sealing asset processing HtmlWebpackPlugin
<s> [webpack.Progress] 92% sealing asset processing RealContentHashPlugin
<s> [webpack.Progress] 92% sealing asset processing RealContentHashPlugin
<s> [webpack.Progress] 92% sealing asset processing RealContentHashPlugin main.76d6ef4a.iframe.bundle.js generate SourceMap
<s> [webpack.Progress] 92% sealing asset processing RealContentHashPlugin main.76d6ef4a.iframe.bundle.js generated SourceMap
<s> [webpack.Progress] 92% sealing asset processing RealContentHashPlugin runtime~main.7327c394.iframe.bundle.js generate SourceMap
<s> [webpack.Progress] 92% sealing asset processing RealContentHashPlugin runtime~main.7327c394.iframe.bundle.js generated SourceMap
<s> [webpack.Progress] 92% sealing asset processing RealContentHashPlugin 701.c41f1aeb.iframe.bundle.js generate SourceMap
<s> [webpack.Progress] 92% sealing asset processing RealContentHashPlugin 701.c41f1aeb.iframe.bundle.js generated SourceMap
<s> [webpack.Progress] 92% sealing asset processing RealContentHashPlugin 745.5fc16917.iframe.bundle.js generate SourceMap
<s> [webpack.Progress] 92% sealing asset processing RealContentHashPlugin 745.5fc16917.iframe.bundle.js generated SourceMap
<s> [webpack.Progress] 92% sealing asset processing RealContentHashPlugin 551.cd1eee5c.iframe.bundle.js generate SourceMap
<s> [webpack.Progress] 92% sealing asset processing RealContentHashPlugin 551.cd1eee5c.iframe.bundle.js generated SourceMap
<s> [webpack.Progress] 92% sealing asset processing RealContentHashPlugin 229.2e956d14.iframe.bundle.js generate SourceMap
<s> [webpack.Progress] 92% sealing asset processing RealContentHashPlugin 229.2e956d14.iframe.bundle.js generated SourceMap
<s> [webpack.Progress] 92% sealing asset processing RealContentHashPlugin 935.b1bc7680.iframe.bundle.js generate SourceMap
<s> [webpack.Progress] 92% sealing asset processing RealContentHashPlugin 935.b1bc7680.iframe.bundle.js generated SourceMap
<s> [webpack.Progress] 92% sealing asset processing RealContentHashPlugin 273.c1e680b0.iframe.bundle.js generate SourceMap
<s> [webpack.Progress] 92% sealing asset processing RealContentHashPlugin 273.c1e680b0.iframe.bundle.js generated SourceMap
<s> [webpack.Progress] 92% sealing asset processing RealContentHashPlugin 51.ff293724.iframe.bundle.js generate SourceMap
<s> [webpack.Progress] 92% sealing asset processing RealContentHashPlugin 51.ff293724.iframe.bundle.js generated SourceMap
<s> [webpack.Progress] 92% sealing asset processing RealContentHashPlugin 807.8bf57130.iframe.bundle.js generate SourceMap
<s> [webpack.Progress] 92% sealing asset processing RealContentHashPlugin 807.8bf57130.iframe.bundle.js generated SourceMap
<s> [webpack.Progress] 92% sealing asset processing RealContentHashPlugin 897.64d3b161.iframe.bundle.js generate SourceMap
<s> [webpack.Progress] 92% sealing asset processing RealContentHashPlugin 897.64d3b161.iframe.bundle.js generated SourceMap
<s> [webpack.Progress] 92% sealing asset processing RealContentHashPlugin 649.53dff6a6.iframe.bundle.js generate SourceMap
<s> [webpack.Progress] 92% sealing asset processing RealContentHashPlugin 649.53dff6a6.iframe.bundle.js generated SourceMap
<s> [webpack.Progress] 92% sealing asset processing RealContentHashPlugin resolve sources
<s> [webpack.Progress] 92% sealing asset processing RealContentHashPlugin
<s> [webpack.Progress] 92% sealing asset processing
<s> [webpack.Progress] 93% sealing after asset optimization
<s> [webpack.Progress] 93% sealing after asset optimization
<s> [webpack.Progress] 93% sealing recording
<s> [webpack.Progress] 93% sealing recording
<s> [webpack.Progress] 94% sealing after seal
<s> [webpack.Progress] 94% sealing after seal
<s> [webpack.Progress] 95% emitting emit
<s> [webpack.Progress] 95% emitting emit
<s> [webpack.Progress] 98% emitting after emit
<s> [webpack.Progress] 98% emitting after emit SizeLimitsPlugin
<s> [webpack.Progress] 98% emitting after emit
<s> [webpack.Progress] 99% done plugins
<s> [webpack.Progress] 99% done plugins CaseSensitivePathsPlugin
<s> [webpack.Progress] 99% done plugins ForkTsCheckerWebpackPlugin
<s> [webpack.Progress] 99% done plugins
<s> [webpack.Progress] 99% 

<s> [webpack.Progress] 99% cache store build dependencies
<s> [webpack.Progress] 99% cache store build dependencies
<s> [webpack.Progress] 99% cache begin idle
<s> [webpack.Progress] 99% cache begin idle
<s> [webpack.Progress] 100% 

info => Preview built (1.73 min)
WARN [eslint] 
WARN src\components\UI\molecules\PostSidebar\PostSidebar.stories.tsx
WARN   Line 9:55:  'args' is defined but never used  @typescript-eslint/no-unused-vars
WARN 
WARN src\components\UI\organisms\MusicPostInfo\Buttons\PostButtons.stories.tsx
WARN   Line 9:55:  'args' is defined but never used  @typescript-eslint/no-unused-vars
WARN 
WARN 
WARN asset size limit: The following asset(s) exceed the recommended size limit (244 KiB).
WARN This can impact web performance.
WARN Assets: 
WARN   1c956481a63ded9a0565.png (391 KiB)
WARN   08877389258df4f3bc91.png (320 KiB)
WARN   ba4743475f48cc72a94e.png (378 KiB)
WARN   e6436f47503a71dbe243.png (322 KiB)
WARN   main.76d6ef4a.iframe.bundle.js (393 KiB)
WARN   273.c1e680b0.iframe.bundle.js (600 KiB)
WARN   807.8bf57130.iframe.bundle.js (794 KiB)
WARN   649.53dff6a6.iframe.bundle.js (2.66 MiB)
WARN entrypoint size limit: The following entrypoint(s) combined asset size exceeds the recommended limit (244 KiB). This can impact web performance.
WARN Entrypoints:
WARN   main (3.15 MiB)
WARN       runtime~main.7327c394.iframe.bundle.js
WARN       static/css/649.0f1dffbb.css
WARN       649.53dff6a6.iframe.bundle.js
WARN       main.76d6ef4a.iframe.bundle.js
WARN       static/css/main.5bd1174b.css
WARN 
<s> [webpack.Progress] 99% cache shutdown
<s> [webpack.Progress] 99% cache shutdown
<s> [webpack.Progress] 100% 

info => Manager built (1.85 min)
info => Output directory: C:\Users\KyuSik\AppData\Local\Temp\chromatic--5516-Idy3gKya2XSd
